# JRE version: OpenJDK Runtime Environment (8.0_242-b01) (build 1.8.0_242-release-1644-b01)
# Java VM: OpenJDK 64-Bit Server VM (25.242-b01 mixed mode windows-amd64 compressed oops)
Heap:
 PSYoungGen      total 604160K, used 534722K [0x00000000d5580000, 0x0000000100000000, 0x0000000100000000)
  eden space 573952K, 93% used [0x00000000d5580000,0x00000000f5fb0be0,0x00000000f8600000)
  from space 30208K, 0% used [0x00000000fe000000,0x00000000fe000000,0x00000000ffd80000)
  to   space 62464K, 0% used [0x00000000f8600000,0x00000000f8600000,0x00000000fc300000)
 ParOldGen       total 304640K, used 160659K [0x0000000080000000, 0x0000000092980000, 0x00000000d5580000)
  object space 304640K, 52% used [0x0000000080000000,0x0000000089ce4d88,0x0000000092980000)
 Metaspace       used 100497K, capacity 105487K, committed 106008K, reserved 1140736K
  class space    used 12982K, capacity 13897K, committed 14128K, reserved 1048576K
GC Heap History (10 events):
Event: 313.574 GC heap before
{Heap before GC invocations=89 (full 5):
 PSYoungGen      total 654848K, used 632152K [0x00000000d5580000, 0x00000000ffc80000, 0x0000000100000000)
  eden space 620544K, 100% used [0x00000000d5580000,0x00000000fb380000,0x00000000fb380000)
  from space 34304K, 33% used [0x00000000fb380000,0x00000000fbed61d8,0x00000000fd500000)
  to   space 32768K, 0% used [0x00000000fdc80000,0x00000000fdc80000,0x00000000ffc80000)
 ParOldGen       total 174080K, used 149071K [0x0000000080000000, 0x000000008aa00000, 0x00000000d5580000)
  object space 174080K, 85% used [0x0000000080000000,0x0000000089193fc8,0x000000008aa00000)
 Metaspace       used 95360K, capacity 100055K, committed 101016K, reserved 1136640K
  class space    used 12570K, capacity 13445K, committed 13744K, reserved 1048576K
Event: 313.613 GC heap after
Heap after GC invocations=89 (full 5):
 PSYoungGen      total 663040K, used 10050K [0x00000000d5580000, 0x00000000ffb80000, 0x0000000100000000)
  eden space 631296K, 0% used [0x00000000d5580000,0x00000000d5580000,0x00000000fbe00000)
  from space 31744K, 31% used [0x00000000fdc80000,0x00000000fe6509e0,0x00000000ffb80000)
  to   space 31232K, 0% used [0x00000000fbe00000,0x00000000fbe00000,0x00000000fdc80000)
 ParOldGen       total 174080K, used 157559K [0x0000000080000000, 0x000000008aa00000, 0x00000000d5580000)
  object space 174080K, 90% used [0x0000000080000000,0x00000000899ddea0,0x000000008aa00000)
 Metaspace       used 95360K, capacity 100055K, committed 101016K, reserved 1136640K
  class space    used 12570K, capacity 13445K, committed 13744K, reserved 1048576K
}
Event: 313.613 GC heap before
{Heap before GC invocations=90 (full 6):
 PSYoungGen      total 663040K, used 10050K [0x00000000d5580000, 0x00000000ffb80000, 0x0000000100000000)
  eden space 631296K, 0% used [0x00000000d5580000,0x00000000d5580000,0x00000000fbe00000)
  from space 31744K, 31% used [0x00000000fdc80000,0x00000000fe6509e0,0x00000000ffb80000)
  to   space 31232K, 0% used [0x00000000fbe00000,0x00000000fbe00000,0x00000000fdc80000)
 ParOldGen       total 174080K, used 157559K [0x0000000080000000, 0x000000008aa00000, 0x00000000d5580000)
  object space 174080K, 90% used [0x0000000080000000,0x00000000899ddea0,0x000000008aa00000)
 Metaspace       used 95360K, capacity 100055K, committed 101016K, reserved 1136640K
  class space    used 12570K, capacity 13445K, committed 13744K, reserved 1048576K
Event: 314.063 GC heap after
Heap after GC invocations=90 (full 6):
 PSYoungGen      total 663040K, used 0K [0x00000000d5580000, 0x00000000ffb80000, 0x0000000100000000)
  eden space 631296K, 0% used [0x00000000d5580000,0x00000000d5580000,0x00000000fbe00000)
  from space 31744K, 0% used [0x00000000fdc80000,0x00000000fdc80000,0x00000000ffb80000)
  to   space 31232K, 0% used [0x00000000fbe00000,0x00000000fbe00000,0x00000000fdc80000)
 ParOldGen       total 225280K, used 121100K [0x0000000080000000, 0x000000008dc00000, 0x00000000d5580000)
  object space 225280K, 53% used [0x0000000080000000,0x00000000876431d8,0x000000008dc00000)
 Metaspace       used 95360K, capacity 100055K, committed 101016K, reserved 1136640K
  class space    used 12570K, capacity 13445K, committed 13744K, reserved 1048576K
}
Event: 318.267 GC heap before
{Heap before GC invocations=91 (full 6):
 PSYoungGen      total 663040K, used 631296K [0x00000000d5580000, 0x00000000ffb80000, 0x0000000100000000)
  eden space 631296K, 100% used [0x00000000d5580000,0x00000000fbe00000,0x00000000fbe00000)
  from space 31744K, 0% used [0x00000000fdc80000,0x00000000fdc80000,0x00000000ffb80000)
  to   space 31232K, 0% used [0x00000000fbe00000,0x00000000fbe00000,0x00000000fdc80000)
 ParOldGen       total 225280K, used 121100K [0x0000000080000000, 0x000000008dc00000, 0x00000000d5580000)
  object space 225280K, 53% used [0x0000000080000000,0x00000000876431d8,0x000000008dc00000)
 Metaspace       used 95362K, capacity 100119K, committed 101016K, reserved 1136640K
  class space    used 12570K, capacity 13445K, committed 13744K, reserved 1048576K
Event: 318.374 GC heap after
Heap after GC invocations=91 (full 6):
 PSYoungGen      total 662528K, used 8939K [0x00000000d5580000, 0x00000000ffd80000, 0x0000000100000000)
  eden space 631296K, 0% used [0x00000000d5580000,0x00000000d5580000,0x00000000fbe00000)
  from space 31232K, 28% used [0x00000000fbe00000,0x00000000fc6bad30,0x00000000fdc80000)
  to   space 30208K, 0% used [0x00000000fe000000,0x00000000fe000000,0x00000000ffd80000)
 ParOldGen       total 225280K, used 121100K [0x0000000080000000, 0x000000008dc00000, 0x00000000d5580000)
  object space 225280K, 53% used [0x0000000080000000,0x00000000876431d8,0x000000008dc00000)
 Metaspace       used 95362K, capacity 100119K, committed 101016K, reserved 1136640K
  class space    used 12570K, capacity 13445K, committed 13744K, reserved 1048576K
}
Event: 325.735 GC heap before
{Heap before GC invocations=92 (full 6):
 PSYoungGen      total 662528K, used 640235K [0x00000000d5580000, 0x00000000ffd80000, 0x0000000100000000)
  eden space 631296K, 100% used [0x00000000d5580000,0x00000000fbe00000,0x00000000fbe00000)
  from space 31232K, 28% used [0x00000000fbe00000,0x00000000fc6bad30,0x00000000fdc80000)
  to   space 30208K, 0% used [0x00000000fe000000,0x00000000fe000000,0x00000000ffd80000)
 ParOldGen       total 225280K, used 121100K [0x0000000080000000, 0x000000008dc00000, 0x00000000d5580000)
  object space 225280K, 53% used [0x0000000080000000,0x00000000876431d8,0x000000008dc00000)
 Metaspace       used 96028K, capacity 100891K, committed 101912K, reserved 1136640K
  class space    used 12637K, capacity 13507K, committed 13872K, reserved 1048576K
Event: 325.982 GC heap after
Heap after GC invocations=92 (full 6):
 PSYoungGen      total 604160K, used 30200K [0x00000000d5580000, 0x0000000100000000, 0x0000000100000000)
  eden space 573952K, 0% used [0x00000000d5580000,0x00000000d5580000,0x00000000f8600000)
  from space 30208K, 99% used [0x00000000fe000000,0x00000000ffd7e0f8,0x00000000ffd80000)
  to   space 62464K, 0% used [0x00000000f8600000,0x00000000f8600000,0x00000000fc300000)
 ParOldGen       total 225280K, used 195541K [0x0000000080000000, 0x000000008dc00000, 0x00000000d5580000)
  object space 225280K, 86% used [0x0000000080000000,0x000000008bef55d8,0x000000008dc00000)
 Metaspace       used 96028K, capacity 100891K, committed 101912K, reserved 1136640K
  class space    used 12637K, capacity 13507K, committed 13872K, reserved 1048576K
}
Event: 325.982 GC heap before
{Heap before GC invocations=93 (full 7):
 PSYoungGen      total 604160K, used 30200K [0x00000000d5580000, 0x0000000100000000, 0x0000000100000000)
  eden space 573952K, 0% used [0x00000000d5580000,0x00000000d5580000,0x00000000f8600000)
  from space 30208K, 99% used [0x00000000fe000000,0x00000000ffd7e0f8,0x00000000ffd80000)
  to   space 62464K, 0% used [0x00000000f8600000,0x00000000f8600000,0x00000000fc300000)
 ParOldGen       total 225280K, used 195541K [0x0000000080000000, 0x000000008dc00000, 0x00000000d5580000)
  object space 225280K, 86% used [0x0000000080000000,0x000000008bef55d8,0x000000008dc00000)
 Metaspace       used 96028K, capacity 100891K, committed 101912K, reserved 1136640K
  class space    used 12637K, capacity 13507K, committed 13872K, reserved 1048576K
Event: 327.045 GC heap after
Heap after GC invocations=93 (full 7):
 PSYoungGen      total 604160K, used 0K [0x00000000d5580000, 0x0000000100000000, 0x0000000100000000)
  eden space 573952K, 0% used [0x00000000d5580000,0x00000000d5580000,0x00000000f8600000)
  from space 30208K, 0% used [0x00000000fe000000,0x00000000fe000000,0x00000000ffd80000)
  to   space 62464K, 0% used [0x00000000f8600000,0x00000000f8600000,0x00000000fc300000)
 ParOldGen       total 304640K, used 160659K [0x0000000080000000, 0x0000000092980000, 0x00000000d5580000)
  object space 304640K, 52% used [0x0000000080000000,0x0000000089ce4d88,0x0000000092980000)
 Metaspace       used 96015K, capacity 100855K, committed 101912K, reserved 1136640K
  class space    used 12632K, capacity 13499K, committed 13872K, reserved 1048576K
}

