# JRE version: OpenJDK Runtime Environment (8.0_242-b01) (build 1.8.0_242-release-1644-b01)
# Java VM: OpenJDK 64-Bit Server VM (25.242-b01 mixed mode windows-amd64 compressed oops)
Heap:
 PSYoungGen      total 430592K, used 121851K [0x00000000d5580000, 0x00000000f7000000, 0x0000000100000000)
  eden space 348672K, 11% used [0x00000000d5580000,0x00000000d7ccbf98,0x00000000eaa00000)
  from space 81920K, 99% used [0x00000000f0600000,0x00000000f55b3040,0x00000000f5600000)
  to   space 94208K, 0% used [0x00000000eaa00000,0x00000000eaa00000,0x00000000f0600000)
 ParOldGen       total 216064K, used 158366K [0x0000000080000000, 0x000000008d300000, 0x00000000d5580000)
  object space 216064K, 73% used [0x0000000080000000,0x0000000089aa7a10,0x000000008d300000)
 Metaspace       used 151730K, capacity 161174K, committed 161304K, reserved 1189888K
  class space    used 19653K, capacity 21471K, committed 21552K, reserved 1048576K
GC Heap History (10 events):
Event: 8307.110 GC heap before
{Heap before GC invocations=80 (full 6):
 PSYoungGen      total 369664K, used 303261K [0x00000000d5580000, 0x00000000f2900000, 0x0000000100000000)
  eden space 278016K, 100% used [0x00000000d5580000,0x00000000e6500000,0x00000000e6500000)
  from space 91648K, 27% used [0x00000000e6500000,0x00000000e7da77a0,0x00000000ebe80000)
  to   space 87040K, 0% used [0x00000000ed400000,0x00000000ed400000,0x00000000f2900000)
 ParOldGen       total 216064K, used 147970K [0x0000000080000000, 0x000000008d300000, 0x00000000d5580000)
  object space 216064K, 68% used [0x0000000080000000,0x0000000089080ba0,0x000000008d300000)
 Metaspace       used 140640K, capacity 148792K, committed 149016K, reserved 1177600K
  class space    used 18268K, capacity 19924K, committed 20016K, reserved 1048576K
Event: 8307.348 GC heap after
Heap after GC invocations=80 (full 6):
 PSYoungGen      total 389120K, used 52747K [0x00000000d5580000, 0x00000000f2c00000, 0x0000000100000000)
  eden space 302080K, 0% used [0x00000000d5580000,0x00000000d5580000,0x00000000e7c80000)
  from space 87040K, 60% used [0x00000000ed400000,0x00000000f0782d90,0x00000000f2900000)
  to   space 89600K, 0% used [0x00000000e7c80000,0x00000000e7c80000,0x00000000ed400000)
 ParOldGen       total 216064K, used 147970K [0x0000000080000000, 0x000000008d300000, 0x00000000d5580000)
  object space 216064K, 68% used [0x0000000080000000,0x0000000089080ba0,0x000000008d300000)
 Metaspace       used 140640K, capacity 148792K, committed 149016K, reserved 1177600K
  class space    used 18268K, capacity 19924K, committed 20016K, reserved 1048576K
}
Event: 8429.931 GC heap before
{Heap before GC invocations=81 (full 6):
 PSYoungGen      total 389120K, used 354827K [0x00000000d5580000, 0x00000000f2c00000, 0x0000000100000000)
  eden space 302080K, 100% used [0x00000000d5580000,0x00000000e7c80000,0x00000000e7c80000)
  from space 87040K, 60% used [0x00000000ed400000,0x00000000f0782d90,0x00000000f2900000)
  to   space 89600K, 0% used [0x00000000e7c80000,0x00000000e7c80000,0x00000000ed400000)
 ParOldGen       total 216064K, used 147970K [0x0000000080000000, 0x000000008d300000, 0x00000000d5580000)
  object space 216064K, 68% used [0x0000000080000000,0x0000000089080ba0,0x000000008d300000)
 Metaspace       used 147872K, capacity 156770K, committed 156952K, reserved 1185792K
  class space    used 19237K, capacity 20987K, committed 21040K, reserved 1048576K
Event: 8430.738 GC heap after
Heap after GC invocations=81 (full 6):
 PSYoungGen      total 391680K, used 48673K [0x00000000d5580000, 0x00000000f4300000, 0x0000000100000000)
  eden space 302080K, 0% used [0x00000000d5580000,0x00000000d5580000,0x00000000e7c80000)
  from space 89600K, 54% used [0x00000000e7c80000,0x00000000eac08538,0x00000000ed400000)
  to   space 89600K, 0% used [0x00000000eeb80000,0x00000000eeb80000,0x00000000f4300000)
 ParOldGen       total 216064K, used 147970K [0x0000000080000000, 0x000000008d300000, 0x00000000d5580000)
  object space 216064K, 68% used [0x0000000080000000,0x0000000089080ba0,0x000000008d300000)
 Metaspace       used 147872K, capacity 156770K, committed 156952K, reserved 1185792K
  class space    used 19237K, capacity 20987K, committed 21040K, reserved 1048576K
}
Event: 8438.288 GC heap before
{Heap before GC invocations=82 (full 6):
 PSYoungGen      total 391680K, used 350753K [0x00000000d5580000, 0x00000000f4300000, 0x0000000100000000)
  eden space 302080K, 100% used [0x00000000d5580000,0x00000000e7c80000,0x00000000e7c80000)
  from space 89600K, 54% used [0x00000000e7c80000,0x00000000eac08538,0x00000000ed400000)
  to   space 89600K, 0% used [0x00000000eeb80000,0x00000000eeb80000,0x00000000f4300000)
 ParOldGen       total 216064K, used 147970K [0x0000000080000000, 0x000000008d300000, 0x00000000d5580000)
  object space 216064K, 68% used [0x0000000080000000,0x0000000089080ba0,0x000000008d300000)
 Metaspace       used 150794K, capacity 160126K, committed 160152K, reserved 1187840K
  class space    used 19589K, capacity 21403K, committed 21424K, reserved 1048576K
Event: 8438.416 GC heap after
Heap after GC invocations=82 (full 6):
 PSYoungGen      total 410624K, used 41456K [0x00000000d5580000, 0x00000000f3d80000, 0x0000000100000000)
  eden space 326656K, 0% used [0x00000000d5580000,0x00000000d5580000,0x00000000e9480000)
  from space 83968K, 49% used [0x00000000eeb80000,0x00000000f13fc258,0x00000000f3d80000)
  to   space 86528K, 0% used [0x00000000e9480000,0x00000000e9480000,0x00000000ee900000)
 ParOldGen       total 216064K, used 147970K [0x0000000080000000, 0x000000008d300000, 0x00000000d5580000)
  object space 216064K, 68% used [0x0000000080000000,0x0000000089080ba0,0x000000008d300000)
 Metaspace       used 150794K, capacity 160126K, committed 160152K, reserved 1187840K
  class space    used 19589K, capacity 21403K, committed 21424K, reserved 1048576K
}
Event: 8440.234 GC heap before
{Heap before GC invocations=83 (full 6):
 PSYoungGen      total 410624K, used 368112K [0x00000000d5580000, 0x00000000f3d80000, 0x0000000100000000)
  eden space 326656K, 100% used [0x00000000d5580000,0x00000000e9480000,0x00000000e9480000)
  from space 83968K, 49% used [0x00000000eeb80000,0x00000000f13fc258,0x00000000f3d80000)
  to   space 86528K, 0% used [0x00000000e9480000,0x00000000e9480000,0x00000000ee900000)
 ParOldGen       total 216064K, used 147970K [0x0000000080000000, 0x000000008d300000, 0x00000000d5580000)
  object space 216064K, 68% used [0x0000000080000000,0x0000000089080ba0,0x000000008d300000)
 Metaspace       used 151041K, capacity 160398K, committed 160664K, reserved 1187840K
  class space    used 19598K, capacity 21413K, committed 21424K, reserved 1048576K
Event: 8440.328 GC heap after
Heap after GC invocations=83 (full 6):
 PSYoungGen      total 413184K, used 35957K [0x00000000d5580000, 0x00000000f5600000, 0x0000000100000000)
  eden space 326656K, 0% used [0x00000000d5580000,0x00000000d5580000,0x00000000e9480000)
  from space 86528K, 41% used [0x00000000e9480000,0x00000000eb79d718,0x00000000ee900000)
  to   space 81920K, 0% used [0x00000000f0600000,0x00000000f0600000,0x00000000f5600000)
 ParOldGen       total 216064K, used 147978K [0x0000000080000000, 0x000000008d300000, 0x00000000d5580000)
  object space 216064K, 68% used [0x0000000080000000,0x0000000089082ba0,0x000000008d300000)
 Metaspace       used 151041K, capacity 160398K, committed 160664K, reserved 1187840K
  class space    used 19598K, capacity 21413K, committed 21424K, reserved 1048576K
}
Event: 8451.065 GC heap before
{Heap before GC invocations=84 (full 6):
 PSYoungGen      total 413184K, used 362613K [0x00000000d5580000, 0x00000000f5600000, 0x0000000100000000)
  eden space 326656K, 100% used [0x00000000d5580000,0x00000000e9480000,0x00000000e9480000)
  from space 86528K, 41% used [0x00000000e9480000,0x00000000eb79d718,0x00000000ee900000)
  to   space 81920K, 0% used [0x00000000f0600000,0x00000000f0600000,0x00000000f5600000)
 ParOldGen       total 216064K, used 147978K [0x0000000080000000, 0x000000008d300000, 0x00000000d5580000)
  object space 216064K, 68% used [0x0000000080000000,0x0000000089082ba0,0x000000008d300000)
 Metaspace       used 151692K, capacity 161102K, committed 161304K, reserved 1189888K
  class space    used 19652K, capacity 21471K, committed 21552K, reserved 1048576K
Event: 8451.783 GC heap after
Heap after GC invocations=84 (full 6):
 PSYoungGen      total 430592K, used 81612K [0x00000000d5580000, 0x00000000f7000000, 0x0000000100000000)
  eden space 348672K, 0% used [0x00000000d5580000,0x00000000d5580000,0x00000000eaa00000)
  from space 81920K, 99% used [0x00000000f0600000,0x00000000f55b3040,0x00000000f5600000)
  to   space 94208K, 0% used [0x00000000eaa00000,0x00000000eaa00000,0x00000000f0600000)
 ParOldGen       total 216064K, used 158366K [0x0000000080000000, 0x000000008d300000, 0x00000000d5580000)
  object space 216064K, 73% used [0x0000000080000000,0x0000000089aa7a10,0x000000008d300000)
 Metaspace       used 151692K, capacity 161102K, committed 161304K, reserved 1189888K
  class space    used 19652K, capacity 21471K, committed 21552K, reserved 1048576K
}

