# JRE version: OpenJDK Runtime Environment (8.0_242-b01) (build 1.8.0_242-release-1644-b01)
# Java VM: OpenJDK 64-Bit Server VM (25.242-b01 mixed mode windows-amd64 compressed oops)
Heap:
 PSYoungGen      total 207360K, used 52014K [0x00000000d5580000, 0x00000000e4f00000, 0x0000000100000000)
  eden space 168960K, 25% used [0x00000000d5580000,0x00000000d7f66780,0x00000000dfa80000)
  from space 38400K, 23% used [0x00000000dfa80000,0x00000000e0365230,0x00000000e2000000)
  to   space 36864K, 0% used [0x00000000e2b00000,0x00000000e2b00000,0x00000000e4f00000)
 ParOldGen       total 133632K, used 89722K [0x0000000080000000, 0x0000000088280000, 0x00000000d5580000)
  object space 133632K, 67% used [0x0000000080000000,0x000000008579eba0,0x0000000088280000)
 Metaspace       used 99440K, capacity 103786K, committed 105176K, reserved 1140736K
  class space    used 12874K, capacity 13776K, committed 14080K, reserved 1048576K
GC Heap History (10 events):
Event: 4320.067 GC heap before
{Heap before GC invocations=60 (full 4):
 PSYoungGen      total 203264K, used 189789K [0x00000000d5580000, 0x00000000e3b80000, 0x0000000100000000)
  eden space 181248K, 99% used [0x00000000d5580000,0x00000000e067e428,0x00000000e0680000)
  from space 22016K, 38% used [0x00000000e0680000,0x00000000e0ed90c8,0x00000000e1c00000)
  to   space 20992K, 0% used [0x00000000e2700000,0x00000000e2700000,0x00000000e3b80000)
 ParOldGen       total 133632K, used 91833K [0x0000000080000000, 0x0000000088280000, 0x00000000d5580000)
  object space 133632K, 68% used [0x0000000080000000,0x00000000859ae778,0x0000000088280000)
 Metaspace       used 96313K, capacity 100788K, committed 101080K, reserved 1136640K
  class space    used 12507K, capacity 13455K, committed 13568K, reserved 1048576K
Event: 4320.156 GC heap after
Heap after GC invocations=60 (full 4):
 PSYoungGen      total 188928K, used 14047K [0x00000000d5580000, 0x00000000e3500000, 0x0000000100000000)
  eden space 174592K, 0% used [0x00000000d5580000,0x00000000d5580000,0x00000000e0000000)
  from space 14336K, 97% used [0x00000000e2700000,0x00000000e34b7eb8,0x00000000e3500000)
  to   space 21504K, 0% used [0x00000000e0b00000,0x00000000e0b00000,0x00000000e2000000)
 ParOldGen       total 133632K, used 91841K [0x0000000080000000, 0x0000000088280000, 0x00000000d5580000)
  object space 133632K, 68% used [0x0000000080000000,0x00000000859b0778,0x0000000088280000)
 Metaspace       used 96313K, capacity 100788K, committed 101080K, reserved 1136640K
  class space    used 12507K, capacity 13455K, committed 13568K, reserved 1048576K
}
Event: 4334.097 GC heap before
{Heap before GC invocations=61 (full 4):
 PSYoungGen      total 188928K, used 188639K [0x00000000d5580000, 0x00000000e3500000, 0x0000000100000000)
  eden space 174592K, 100% used [0x00000000d5580000,0x00000000e0000000,0x00000000e0000000)
  from space 14336K, 97% used [0x00000000e2700000,0x00000000e34b7eb8,0x00000000e3500000)
  to   space 21504K, 0% used [0x00000000e0b00000,0x00000000e0b00000,0x00000000e2000000)
 ParOldGen       total 133632K, used 91841K [0x0000000080000000, 0x0000000088280000, 0x00000000d5580000)
  object space 133632K, 68% used [0x0000000080000000,0x00000000859b0778,0x0000000088280000)
 Metaspace       used 97412K, capacity 101974K, committed 102232K, reserved 1138688K
  class space    used 12643K, capacity 13634K, committed 13696K, reserved 1048576K
Event: 4334.209 GC heap after
Heap after GC invocations=61 (full 4):
 PSYoungGen      total 189952K, used 21501K [0x00000000d5580000, 0x00000000e2c00000, 0x0000000100000000)
  eden space 168448K, 0% used [0x00000000d5580000,0x00000000d5580000,0x00000000dfa00000)
  from space 21504K, 99% used [0x00000000e0b00000,0x00000000e1fff4e0,0x00000000e2000000)
  to   space 12288K, 0% used [0x00000000e2000000,0x00000000e2000000,0x00000000e2c00000)
 ParOldGen       total 133632K, used 93280K [0x0000000080000000, 0x0000000088280000, 0x00000000d5580000)
  object space 133632K, 69% used [0x0000000080000000,0x0000000085b182d0,0x0000000088280000)
 Metaspace       used 97412K, capacity 101974K, committed 102232K, reserved 1138688K
  class space    used 12643K, capacity 13634K, committed 13696K, reserved 1048576K
}
Event: 4343.173 GC heap before
{Heap before GC invocations=62 (full 4):
 PSYoungGen      total 189952K, used 189949K [0x00000000d5580000, 0x00000000e2c00000, 0x0000000100000000)
  eden space 168448K, 100% used [0x00000000d5580000,0x00000000dfa00000,0x00000000dfa00000)
  from space 21504K, 99% used [0x00000000e0b00000,0x00000000e1fff4e0,0x00000000e2000000)
  to   space 12288K, 0% used [0x00000000e2000000,0x00000000e2000000,0x00000000e2c00000)
 ParOldGen       total 133632K, used 93280K [0x0000000080000000, 0x0000000088280000, 0x00000000d5580000)
  object space 133632K, 69% used [0x0000000080000000,0x0000000085b182d0,0x0000000088280000)
 Metaspace       used 98555K, capacity 103336K, committed 103384K, reserved 1138688K
  class space    used 12808K, capacity 13807K, committed 13824K, reserved 1048576K
Event: 4343.356 GC heap after
Heap after GC invocations=62 (full 4):
 PSYoungGen      total 181248K, used 12278K [0x00000000d5580000, 0x00000000e5100000, 0x0000000100000000)
  eden space 168960K, 0% used [0x00000000d5580000,0x00000000d5580000,0x00000000dfa80000)
  from space 12288K, 99% used [0x00000000e2000000,0x00000000e2bfda98,0x00000000e2c00000)
  to   space 38400K, 0% used [0x00000000dfa80000,0x00000000dfa80000,0x00000000e2000000)
 ParOldGen       total 133632K, used 129182K [0x0000000080000000, 0x0000000088280000, 0x00000000d5580000)
  object space 133632K, 96% used [0x0000000080000000,0x0000000087e27818,0x0000000088280000)
 Metaspace       used 98555K, capacity 103336K, committed 103384K, reserved 1138688K
  class space    used 12808K, capacity 13807K, committed 13824K, reserved 1048576K
}
Event: 4343.397 GC heap before
{Heap before GC invocations=63 (full 5):
 PSYoungGen      total 181248K, used 12278K [0x00000000d5580000, 0x00000000e5100000, 0x0000000100000000)
  eden space 168960K, 0% used [0x00000000d5580000,0x00000000d5580000,0x00000000dfa80000)
  from space 12288K, 99% used [0x00000000e2000000,0x00000000e2bfda98,0x00000000e2c00000)
  to   space 38400K, 0% used [0x00000000dfa80000,0x00000000dfa80000,0x00000000e2000000)
 ParOldGen       total 133632K, used 129182K [0x0000000080000000, 0x0000000088280000, 0x00000000d5580000)
  object space 133632K, 96% used [0x0000000080000000,0x0000000087e27818,0x0000000088280000)
 Metaspace       used 98555K, capacity 103336K, committed 103384K, reserved 1138688K
  class space    used 12808K, capacity 13807K, committed 13824K, reserved 1048576K
Event: 4353.018 GC heap after
Heap after GC invocations=63 (full 5):
 PSYoungGen      total 181248K, used 0K [0x00000000d5580000, 0x00000000e5100000, 0x0000000100000000)
  eden space 168960K, 0% used [0x00000000d5580000,0x00000000d5580000,0x00000000dfa80000)
  from space 12288K, 0% used [0x00000000e2000000,0x00000000e2000000,0x00000000e2c00000)
  to   space 38400K, 0% used [0x00000000dfa80000,0x00000000dfa80000,0x00000000e2000000)
 ParOldGen       total 133632K, used 89714K [0x0000000080000000, 0x0000000088280000, 0x00000000d5580000)
  object space 133632K, 67% used [0x0000000080000000,0x000000008579cba0,0x0000000088280000)
 Metaspace       used 97593K, capacity 101692K, committed 103384K, reserved 1138688K
  class space    used 12615K, capacity 13467K, committed 13824K, reserved 1048576K
}
Event: 4360.718 GC heap before
{Heap before GC invocations=64 (full 5):
 PSYoungGen      total 181248K, used 168960K [0x00000000d5580000, 0x00000000e5100000, 0x0000000100000000)
  eden space 168960K, 100% used [0x00000000d5580000,0x00000000dfa80000,0x00000000dfa80000)
  from space 12288K, 0% used [0x00000000e2000000,0x00000000e2000000,0x00000000e2c00000)
  to   space 38400K, 0% used [0x00000000dfa80000,0x00000000dfa80000,0x00000000e2000000)
 ParOldGen       total 133632K, used 89714K [0x0000000080000000, 0x0000000088280000, 0x00000000d5580000)
  object space 133632K, 67% used [0x0000000080000000,0x000000008579cba0,0x0000000088280000)
 Metaspace       used 98964K, capacity 103168K, committed 104920K, reserved 1140736K
  class space    used 12809K, capacity 13669K, committed 14080K, reserved 1048576K
Event: 4360.779 GC heap after
Heap after GC invocations=64 (full 5):
 PSYoungGen      total 207360K, used 9108K [0x00000000d5580000, 0x00000000e4f00000, 0x0000000100000000)
  eden space 168960K, 0% used [0x00000000d5580000,0x00000000d5580000,0x00000000dfa80000)
  from space 38400K, 23% used [0x00000000dfa80000,0x00000000e0365230,0x00000000e2000000)
  to   space 36864K, 0% used [0x00000000e2b00000,0x00000000e2b00000,0x00000000e4f00000)
 ParOldGen       total 133632K, used 89722K [0x0000000080000000, 0x0000000088280000, 0x00000000d5580000)
  object space 133632K, 67% used [0x0000000080000000,0x000000008579eba0,0x0000000088280000)
 Metaspace       used 98964K, capacity 103168K, committed 104920K, reserved 1140736K
  class space    used 12809K, capacity 13669K, committed 14080K, reserved 1048576K
}

