# JRE version: OpenJDK Runtime Environment (8.0_242-b01) (build 1.8.0_242-release-1644-b01)
# Java VM: OpenJDK 64-Bit Server VM (25.242-b01 mixed mode windows-amd64 compressed oops)
Heap:
 PSYoungGen      total 586752K, used 317014K [0x00000000d5580000, 0x00000000fb080000, 0x0000000100000000)
  eden space 560128K, 53% used [0x00000000d5580000,0x00000000e7b635e8,0x00000000f7880000)
  from space 26624K, 60% used [0x00000000f9680000,0x00000000fa632240,0x00000000fb080000)
  to   space 28672K, 0% used [0x00000000f7880000,0x00000000f7880000,0x00000000f9480000)
 ParOldGen       total 163328K, used 139058K [0x0000000080000000, 0x0000000089f80000, 0x00000000d5580000)
  object space 163328K, 85% used [0x0000000080000000,0x00000000887cca80,0x0000000089f80000)
 Metaspace       used 92577K, capacity 97188K, committed 98072K, reserved 1134592K
  class space    used 12296K, capacity 13116K, committed 13360K, reserved 1048576K
GC Heap History (10 events):
Event: 259.129 GC heap before
{Heap before GC invocations=77 (full 6):
 PSYoungGen      total 435200K, used 407552K [0x00000000d5580000, 0x00000000f1900000, 0x0000000100000000)
  eden space 407552K, 100% used [0x00000000d5580000,0x00000000ee380000,0x00000000ee380000)
  from space 27648K, 0% used [0x00000000efe00000,0x00000000efe00000,0x00000000f1900000)
  to   space 27136K, 0% used [0x00000000ee380000,0x00000000ee380000,0x00000000efe00000)
 ParOldGen       total 163328K, used 100372K [0x0000000080000000, 0x0000000089f80000, 0x00000000d5580000)
  object space 163328K, 61% used [0x0000000080000000,0x0000000086205380,0x0000000089f80000)
 Metaspace       used 92487K, capacity 97034K, committed 97816K, reserved 1134592K
  class space    used 12295K, capacity 13115K, committed 13360K, reserved 1048576K
Event: 259.212 GC heap after
Heap after GC invocations=77 (full 6):
 PSYoungGen      total 434688K, used 27109K [0x00000000d5580000, 0x00000000f5380000, 0x0000000100000000)
  eden space 407552K, 0% used [0x00000000d5580000,0x00000000d5580000,0x00000000ee380000)
  from space 27136K, 99% used [0x00000000ee380000,0x00000000efdf97c0,0x00000000efe00000)
  to   space 32256K, 0% used [0x00000000f3400000,0x00000000f3400000,0x00000000f5380000)
 ParOldGen       total 163328K, used 100372K [0x0000000080000000, 0x0000000089f80000, 0x00000000d5580000)
  object space 163328K, 61% used [0x0000000080000000,0x0000000086205380,0x0000000089f80000)
 Metaspace       used 92487K, capacity 97034K, committed 97816K, reserved 1134592K
  class space    used 12295K, capacity 13115K, committed 13360K, reserved 1048576K
}
Event: 260.726 GC heap before
{Heap before GC invocations=78 (full 6):
 PSYoungGen      total 434688K, used 434661K [0x00000000d5580000, 0x00000000f5380000, 0x0000000100000000)
  eden space 407552K, 100% used [0x00000000d5580000,0x00000000ee380000,0x00000000ee380000)
  from space 27136K, 99% used [0x00000000ee380000,0x00000000efdf97c0,0x00000000efe00000)
  to   space 32256K, 0% used [0x00000000f3400000,0x00000000f3400000,0x00000000f5380000)
 ParOldGen       total 163328K, used 100372K [0x0000000080000000, 0x0000000089f80000, 0x00000000d5580000)
  object space 163328K, 61% used [0x0000000080000000,0x0000000086205380,0x0000000089f80000)
 Metaspace       used 92500K, capacity 97102K, committed 98072K, reserved 1134592K
  class space    used 12295K, capacity 13115K, committed 13360K, reserved 1048576K
Event: 260.767 GC heap after
Heap after GC invocations=78 (full 6):
 PSYoungGen      total 485888K, used 3552K [0x00000000d5580000, 0x00000000f5080000, 0x0000000100000000)
  eden space 456704K, 0% used [0x00000000d5580000,0x00000000d5580000,0x00000000f1380000)
  from space 29184K, 12% used [0x00000000f3400000,0x00000000f3778000,0x00000000f5080000)
  to   space 31232K, 0% used [0x00000000f1380000,0x00000000f1380000,0x00000000f3200000)
 ParOldGen       total 163328K, used 124114K [0x0000000080000000, 0x0000000089f80000, 0x00000000d5580000)
  object space 163328K, 75% used [0x0000000080000000,0x00000000879348f0,0x0000000089f80000)
 Metaspace       used 92500K, capacity 97102K, committed 98072K, reserved 1134592K
  class space    used 12295K, capacity 13115K, committed 13360K, reserved 1048576K
}
Event: 262.278 GC heap before
{Heap before GC invocations=79 (full 6):
 PSYoungGen      total 485888K, used 460256K [0x00000000d5580000, 0x00000000f5080000, 0x0000000100000000)
  eden space 456704K, 100% used [0x00000000d5580000,0x00000000f1380000,0x00000000f1380000)
  from space 29184K, 12% used [0x00000000f3400000,0x00000000f3778000,0x00000000f5080000)
  to   space 31232K, 0% used [0x00000000f1380000,0x00000000f1380000,0x00000000f3200000)
 ParOldGen       total 163328K, used 124114K [0x0000000080000000, 0x0000000089f80000, 0x00000000d5580000)
  object space 163328K, 75% used [0x0000000080000000,0x00000000879348f0,0x0000000089f80000)
 Metaspace       used 92514K, capacity 97114K, committed 98072K, reserved 1134592K
  class space    used 12295K, capacity 13115K, committed 13360K, reserved 1048576K
Event: 262.296 GC heap after
Heap after GC invocations=79 (full 6):
 PSYoungGen      total 487936K, used 4064K [0x00000000d5580000, 0x00000000f8080000, 0x0000000100000000)
  eden space 456704K, 0% used [0x00000000d5580000,0x00000000d5580000,0x00000000f1380000)
  from space 31232K, 13% used [0x00000000f1380000,0x00000000f1778000,0x00000000f3200000)
  to   space 30208K, 0% used [0x00000000f6300000,0x00000000f6300000,0x00000000f8080000)
 ParOldGen       total 163328K, used 126666K [0x0000000080000000, 0x0000000089f80000, 0x00000000d5580000)
  object space 163328K, 77% used [0x0000000080000000,0x0000000087bb2910,0x0000000089f80000)
 Metaspace       used 92514K, capacity 97114K, committed 98072K, reserved 1134592K
  class space    used 12295K, capacity 13115K, committed 13360K, reserved 1048576K
}
Event: 263.913 GC heap before
{Heap before GC invocations=80 (full 6):
 PSYoungGen      total 487936K, used 460768K [0x00000000d5580000, 0x00000000f8080000, 0x0000000100000000)
  eden space 456704K, 100% used [0x00000000d5580000,0x00000000f1380000,0x00000000f1380000)
  from space 31232K, 13% used [0x00000000f1380000,0x00000000f1778000,0x00000000f3200000)
  to   space 30208K, 0% used [0x00000000f6300000,0x00000000f6300000,0x00000000f8080000)
 ParOldGen       total 163328K, used 126666K [0x0000000080000000, 0x0000000089f80000, 0x00000000d5580000)
  object space 163328K, 77% used [0x0000000080000000,0x0000000087bb2910,0x0000000089f80000)
 Metaspace       used 92521K, capacity 97114K, committed 98072K, reserved 1134592K
  class space    used 12295K, capacity 13115K, committed 13360K, reserved 1048576K
Event: 263.944 GC heap after
Heap after GC invocations=80 (full 6):
 PSYoungGen      total 532992K, used 5568K [0x00000000d5580000, 0x00000000f7c80000, 0x0000000100000000)
  eden space 506880K, 0% used [0x00000000d5580000,0x00000000d5580000,0x00000000f4480000)
  from space 26112K, 21% used [0x00000000f6300000,0x00000000f6870000,0x00000000f7c80000)
  to   space 28672K, 0% used [0x00000000f4480000,0x00000000f4480000,0x00000000f6080000)
 ParOldGen       total 163328K, used 130074K [0x0000000080000000, 0x0000000089f80000, 0x00000000d5580000)
  object space 163328K, 79% used [0x0000000080000000,0x0000000087f06910,0x0000000089f80000)
 Metaspace       used 92521K, capacity 97114K, committed 98072K, reserved 1134592K
  class space    used 12295K, capacity 13115K, committed 13360K, reserved 1048576K
}
Event: 265.857 GC heap before
{Heap before GC invocations=81 (full 6):
 PSYoungGen      total 532992K, used 512448K [0x00000000d5580000, 0x00000000f7c80000, 0x0000000100000000)
  eden space 506880K, 100% used [0x00000000d5580000,0x00000000f4480000,0x00000000f4480000)
  from space 26112K, 21% used [0x00000000f6300000,0x00000000f6870000,0x00000000f7c80000)
  to   space 28672K, 0% used [0x00000000f4480000,0x00000000f4480000,0x00000000f6080000)
 ParOldGen       total 163328K, used 130074K [0x0000000080000000, 0x0000000089f80000, 0x00000000d5580000)
  object space 163328K, 79% used [0x0000000080000000,0x0000000087f06910,0x0000000089f80000)
 Metaspace       used 92536K, capacity 97118K, committed 98072K, reserved 1134592K
  class space    used 12295K, capacity 13115K, committed 13360K, reserved 1048576K
Event: 265.912 GC heap after
Heap after GC invocations=81 (full 6):
 PSYoungGen      total 535552K, used 11883K [0x00000000d5580000, 0x00000000fb180000, 0x0000000100000000)
  eden space 506880K, 0% used [0x00000000d5580000,0x00000000d5580000,0x00000000f4480000)
  from space 28672K, 41% used [0x00000000f4480000,0x00000000f501acf0,0x00000000f6080000)
  to   space 27648K, 0% used [0x00000000f9680000,0x00000000f9680000,0x00000000fb180000)
 ParOldGen       total 163328K, used 134906K [0x0000000080000000, 0x0000000089f80000, 0x00000000d5580000)
  object space 163328K, 82% used [0x0000000080000000,0x00000000883be950,0x0000000089f80000)
 Metaspace       used 92536K, capacity 97118K, committed 98072K, reserved 1134592K
  class space    used 12295K, capacity 13115K, committed 13360K, reserved 1048576K
}

